#
# A fatal error has been detected by the Java Runtime Environment:
#
#  EXCEPTION_ACCESS_VIOLATION (0xc0000005) at pc=0x00007ff88ae7c3a2, pid=11084, tid=15072
#
# JRE version: OpenJDK Runtime Environment Corretto-24.0.2.12.1 (24.0.2+12) (build 24.0.2+12-FR)
# Java VM: OpenJDK 64-Bit Server VM Corretto-24.0.2.12.1 (24.0.2+12-FR, mixed mode, sharing, tiered, compressed oops, compressed class ptrs, g1 gc, windows-amd64)
# Problematic frame:
# C  [igxelpicd64.dll+0x2bc3a2]
#
# No core dump will be written. Minidumps are not enabled by default on client versions of Windows
#
# If you would like to submit a bug report, please visit:
#   https://github.com/corretto/corretto-24/issues/
#

---------------  S U M M A R Y ------------

Command Line: --enable-preview -javaagent:C:\Program Files\JetBrains\IntelliJ IDEA 2024.2.3\lib\idea_rt.jar=58198:C:\Program Files\JetBrains\IntelliJ IDEA 2024.2.3\bin -Dfile.encoding=UTF-8 -Dsun.stdout.encoding=UTF-8 -Dsun.stderr.encoding=UTF-8 Main

Host: 11th Gen Intel(R) Core(TM) i7-1165G7 @ 2.80GHz, 8 cores, 7G,  Windows 11 , 64 bit Build 26100 (10.0.26100.7920)
Time: Fri Apr 10 18:56:48 2026 Malay Peninsula Standard Time elapsed time: 446.333912 seconds (0d 0h 7m 26s)

---------------  T H R E A D  ---------------

Current thread (0x0000023dce9d0060):  VMThread "VM Thread"          [id=15072, stack(0x000000a86ca00000,0x000000a86cb00000) (1024K)]

Stack: [0x000000a86ca00000,0x000000a86cb00000],  sp=0x000000a86cafe470,  free space=1017k
Native frames: (J=compiled Java code, j=interpreted, Vv=VM code, C=native code)
C  [igxelpicd64.dll+0x2bc3a2]  (no source info available)
C  [igxelpicd64.dll+0x2abdb7]  (no source info available)
C  [igxelpicd64.dll+0x2b9891]  (no source info available)
C  [igxelpicd64.dll+0x8c76a]  (no source info available)
C  [igxelpicd64.dll+0x945b5]  (no source info available)
C  [igxelpicd64.dll+0x94763]  (no source info available)
C  [igxelpicd64.dll+0x2c567f]  (no source info available)
C  [igxelpicd64.dll+0x2c54ad]  (no source info available)
C  [igxelpicd64.dll+0x7b98eb]  (no source info available)
C  [ntdll.dll+0x15f73a]  (no source info available)
C  [ntdll.dll+0xbc33]  (no source info available)
C  [ntdll.dll+0x8d3ff]  (no source info available)
C  [ntdll.dll+0x8c5ce]  (no source info available)
C  [KERNEL32.DLL+0x418ab]  (no source info available)
C  [ucrtbase.dll+0xa0093]  (no source info available)
V  [jvm.dll+0x73545c]  (no source info available)
V  [jvm.dll+0x734f90]  (no source info available)
V  [jvm.dll+0x424db4]  (no source info available)
V  [jvm.dll+0x97e3e1]  (no source info available)
V  [jvm.dll+0x97f4fd]  (no source info available)
V  [jvm.dll+0x97fa26]  (no source info available)
V  [jvm.dll+0x97fe98]  (no source info available)
V  [jvm.dll+0x97ff73]  (no source info available)
V  [jvm.dll+0x91908d]  (no source info available)
V  [jvm.dll+0x73af75]  (no source info available)
C  [ucrtbase.dll+0x37b0]  (no source info available)
C  [KERNEL32.DLL+0x2e8d7]  (no source info available)
C  [ntdll.dll+0x8c48c]  (no source info available)


siginfo: EXCEPTION_ACCESS_VIOLATION (0xc0000005), reading address 0x0000000000035888


Registers:
RAX=0x0000023e156ea348, RBX=0x0000023e156ea240, RCX=0x0000000000000000, RDX=0x00000000fffffff0
RSP=0x000000a86cafe470, RBP=0x0000000000000000, RSI=0x0000023e156ea810, RDI=0x0000023e150ab4c0
R8 =0x0000000000000014, R9 =0x0000000000000000, R10=0x0000000000000000, R11=0x0000000000000246
R12=0x0000023e15205100, R13=0x0000023e1477be40, R14=0x00000000019d0700, R15=0x0000000000000016
RIP=0x00007ff88ae7c3a2, EFLAGS=0x0000000000010206

XMM[0]=0x0000000000000000 0x0000000000000000
XMM[1]=0x0000000000000000 0x0000000000000000
XMM[2]=0x0000000000000000 0x0000000000000000
XMM[3]=0x0000000000000000 0x0000000000000000
XMM[4]=0x0000000000000000 0x0000000000000000
XMM[5]=0x0000000000000000 0x0000000000000000
XMM[6]=0x0000000000000000 0x0000000000000000
XMM[7]=0x0000000000000000 0x0000000000000000
XMM[8]=0x0000000000000000 0x404e000000000000
XMM[9]=0x0000000000000000 0x0000000000000000
XMM[10]=0x0000000000000000 0x0000000000000000
XMM[11]=0x0000000000000000 0x0000000000000000
XMM[12]=0x0000000000000000 0x0000000000000000
XMM[13]=0x0000000000000000 0x0000000000000000
XMM[14]=0x0000000000000000 0x0000000000000000
XMM[15]=0x0000000000000000 0x0000000000000000
  MXCSR=0x00001fa0


Register to memory mapping:

RAX=0x0000023e156ea348 points into unknown readable memory: 0x00000000019cff2f | 2f ff 9c 01 00 00 00 00
RBX=0x0000023e156ea240 points into unknown readable memory: 0x0000023e1503e0f0 | f0 e0 03 15 3e 02 00 00
RCX=0x0 is null
RDX=0x00000000fffffff0 is an unknown heap location
RSP=0x000000a86cafe470 points into unknown readable memory: 0x0000023e14f557d0 | d0 57 f5 14 3e 02 00 00
RBP=0x0 is null
RSI=0x0000023e156ea810 points into unknown readable memory: 0x0000023e1477be40 | 40 be 77 14 3e 02 00 00
RDI=0x0000023e150ab4c0 points into unknown readable memory: 0x0000023e15051700 | 00 17 05 15 3e 02 00 00
R8 =0x0000000000000014 is an unknown value
R9 =0x0 is null
R10=0x0 is null
R11=0x0000000000000246 is an unknown value
R12=0x0000023e15205100 points into unknown readable memory: 0x00007ff88b67d848 | 48 d8 67 8b f8 7f 00 00
R13=0x0000023e1477be40 points into unknown readable memory: 0x0000023e1503e0f0 | f0 e0 03 15 3e 02 00 00
R14=0x00000000019d0700 is an unknown value
R15=0x0000000000000016 is an unknown value

Top of Stack: (sp=0x000000a86cafe470)
0x000000a86cafe470:   0000023e14f557d0 0000000000000000   .W..>...........
0x000000a86cafe480:   0000000000000000 00007ff9625e5ab4   .........Z^b....
0x000000a86cafe490:   0000023e15157f80 00007ff88ac1fac4   ....>...........
0x000000a86cafe4a0:   0000000000000794 00007ff88ac29397   ................
0x000000a86cafe4b0:   0000000000000011 00000000019d071f   ................
0x000000a86cafe4c0:   0000b8021d970000 0000023e15205118   .........Q .>...
0x000000a86cafe4d0:   0000000000000000 0000000000000000   ................
0x000000a86cafe4e0:   000000a86cafe5f0 00007ff88ae6bdb7   ...l............
0x000000a86cafe4f0:   0000023e14f557d0 0000023e150ab4c0   .W..>.......>...
0x000000a86cafe500:   0000023e15210900 0000000000000000   ..!.>...........
0x000000a86cafe510:   000000a8000007d4 00007ff800000000   ................
0x000000a86cafe520:   0000000000000000 000000000000005a   ........Z.......
0x000000a86cafe530:   0000023e15204d50 0000023e15210788   PM .>.....!.>...
0x000000a86cafe540:   0000000000000000 3065613300000001   ............3ae0
0x000000a86cafe550:   0000000000000028 0000800400112000   (........ ......
0x000000a86cafe560:   000000a86cafe7df 00007ff9625a90c5   ...l......Zb....
0x000000a86cafe570:   000000a86cafe7df 00000000ffffffff   ...l............
0x000000a86cafe580:   0000000000000000 00007ff88ae7e1dc   ................
0x000000a86cafe590:   0000000000000000 0000023e151d01c0   ............>...
0x000000a86cafe5a0:   0000b8021d970000 00000000000007d4   ................
0x000000a86cafe5b0:   0000000000000000 4000188000000001   ...............@
0x000000a86cafe5c0:   0000000000000000 0000000000000000   ................
0x000000a86cafe5d0:   0000000000000000 0000000000000000   ................
0x000000a86cafe5e0:   0000000000000000 0000000000000000   ................
0x000000a86cafe5f0:   0000000000000000 0000000000000000   ................
0x000000a86cafe600:   0000000000000000 0000000000000000   ................
0x000000a86cafe610:   0000000000000000 0000000000000000   ................
0x000000a86cafe620:   0000000000000000 0000000000000000   ................
0x000000a86cafe630:   0000000000000000 0000000000000000   ................
0x000000a86cafe640:   0000000000000000 0000000000000000   ................
0x000000a86cafe650:   0000000000000000 0000000000000000   ................
0x000000a86cafe660:   0000000000000000 0000000000000000   ................

Instructions: (pc=0x00007ff88ae7c3a2)
  0x00007ff88ae7c2a2:   8b fa 48 8b e9 48 8b 1d ba e4 c5 00 48 89 58 08
  0x00007ff88ae7c2b2:   48 8b cb ff 15 4d ee 7e 00 90 4c 8b af 78 02 00
  0x00007ff88ae7c2c2:   00 48 8b 05 16 be b5 00 44 8b b8 90 0b 00 00 45
  0x00007ff88ae7c2d2:   33 d2 45 8a f2 4c 89 97 78 02 00 00 44 89 97 80
  0x00007ff88ae7c2e2:   02 00 00 4c 89 97 98 02 00 00 4c 89 97 88 02 00
  0x00007ff88ae7c2f2:   00 48 85 ed 75 38 8b 35 62 be c5 00 65 48 8b 04
  0x00007ff88ae7c302:   25 58 00 00 00 b9 14 00 00 00 48 8b 04 f0 44 38
  0x00007ff88ae7c312:   14 01 0f 84 30 4d 6c 00 65 48 8b 04 25 58 00 00
  0x00007ff88ae7c322:   00 bd 20 00 00 00 48 8b 04 f0 48 8b 2c 28 48 3b
  0x00007ff88ae7c332:   2d b9 e3 c5 00 45 0f 44 fa 4d 85 ed 0f 84 72 01
  0x00007ff88ae7c342:   00 00 44 8a a4 24 90 00 00 00 49 8b dd 49 8d b5
  0x00007ff88ae7c352:   d0 05 00 00 4c 8b 2e 45 84 e4 0f 85 2c 03 00 00
  0x00007ff88ae7c362:   44 8b 8f c8 01 00 00 48 8b 05 70 bd b5 00 83 b8
  0x00007ff88ae7c372:   68 03 00 00 02 75 36 41 8d 51 f0 41 83 f9 10 0f
  0x00007ff88ae7c382:   83 74 01 00 00 4a 8d 04 cd 21 00 00 00 49 03 c1
  0x00007ff88ae7c392:   48 8d 04 c3 48 85 c0 0f 85 4a 01 00 00 49 8b ca
=>0x00007ff88ae7c3a2:   48 3b 8d 88 58 03 00 0f 87 a8 4c 6c 00 48 8d 93
  0x00007ff88ae7c3b2:   08 01 00 00 4c 39 93 48 06 00 00 0f 85 13 4e 6c
  0x00007ff88ae7c3c2:   00 44 8b 9f c8 01 00 00 48 8b 87 e0 01 00 00 4c
  0x00007ff88ae7c3d2:   8b 10 44 8b 87 c8 01 00 00 41 83 f8 10 0f 83 43
  0x00007ff88ae7c3e2:   01 00 00 4b 8d 0c c0 48 8d 04 ca 48 85 c0 0f 85
  0x00007ff88ae7c3f2:   fc 00 00 00 33 c9 49 3b ca 0f 86 58 01 00 00 45
  0x00007ff88ae7c402:   33 d2 48 8b 87 78 02 00 00 48 89 06 48 89 9f 78
  0x00007ff88ae7c412:   02 00 00 ff 87 80 02 00 00 48 8b 43 08 48 8b 88
  0x00007ff88ae7c422:   18 01 00 00 48 81 e1 00 00 ff ff 48 81 c1 00 00
  0x00007ff88ae7c432:   01 00 48 01 8f 88 02 00 00 48 8b 43 08 48 8b 88
  0x00007ff88ae7c442:   18 01 00 00 48 01 8f 98 02 00 00 eb 45 48 8b d3
  0x00007ff88ae7c452:   41 8b cb e8 a6 06 ff ff 45 33 d2 84 c0 75 a3 44
  0x00007ff88ae7c462:   38 53 1c 0f 84 23 02 00 00 48 8b 87 f8 02 00 00
  0x00007ff88ae7c472:   48 03 87 98 02 00 00 48 3b 87 a0 02 00 00 0f 83
  0x00007ff88ae7c482:   7c 4d 6c 00 48 8b d3 48 8b cf e8 4f f0 ff ff 45
  0x00007ff88ae7c492:   33 d2 4d 85 ed 0f 85 af fe ff ff 45 84 f6 44 8a


Stack slot to memory mapping:

stack at sp + 0 slots: 0x0000023e14f557d0 points into unknown readable memory: 0xffffffffffffffff | ff ff ff ff ff ff ff ff
stack at sp + 1 slots: 0x0 is null
stack at sp + 2 slots: 0x0 is null
stack at sp + 3 slots: 0x00007ff9625e5ab4 ntdll.dll
stack at sp + 4 slots: 0x0000023e15157f80 points into unknown readable memory: 0x0000023e1503e0f0 | f0 e0 03 15 3e 02 00 00
stack at sp + 5 slots: 0x00007ff88ac1fac4 igxelpicd64.dll
stack at sp + 6 slots: 0x0000000000000794 is an unknown value
stack at sp + 7 slots: 0x00007ff88ac29397 igxelpicd64.dll

VM_Operation (0x000000a86c2ff0a0): Exit, mode: safepoint, requested by thread 0x0000023e153b1ad0


---------------  P R O C E S S  ---------------

Threads class SMR info:
_java_thread_list=0x0000023e1413f3e0, length=18, elements={
0x0000023db1d78060, 0x0000023dce9e0ff0, 0x0000023dce9e3740, 0x0000023dce9e4730,
0x0000023dce9e5610, 0x0000023dce9e6140, 0x0000023dce9e6c70, 0x0000023dce9e7ad0,
0x0000023dce9ec4e0, 0x0000023e141b1de0, 0x0000023e14311ba0, 0x0000023e143122e0,
0x0000023e150225f0, 0x0000023e15286b80, 0x0000023e150556f0, 0x0000023e153b04e0,
0x0000023e153b1380, 0x0000023e153b1ad0
}

Java Threads: ( => current thread )
  0x0000023db1d78060 JavaThread "main"                              [_thread_blocked, id=14668, stack(0x000000a86c300000,0x000000a86c400000) (1024K)]
  0x0000023dce9e0ff0 JavaThread "Reference Handler"          daemon [_thread_blocked, id=24180, stack(0x000000a86cb00000,0x000000a86cc00000) (1024K)]
  0x0000023dce9e3740 JavaThread "Finalizer"                  daemon [_thread_blocked, id=23448, stack(0x000000a86cc00000,0x000000a86cd00000) (1024K)]
  0x0000023dce9e4730 JavaThread "Signal Dispatcher"          daemon [_thread_blocked, id=15256, stack(0x000000a86cd00000,0x000000a86ce00000) (1024K)]
  0x0000023dce9e5610 JavaThread "Attach Listener"            daemon [_thread_blocked, id=25256, stack(0x000000a86ce00000,0x000000a86cf00000) (1024K)]
  0x0000023dce9e6140 JavaThread "Service Thread"             daemon [_thread_blocked, id=13692, stack(0x000000a86cf00000,0x000000a86d000000) (1024K)]
  0x0000023dce9e6c70 JavaThread "Monitor Deflation Thread"   daemon [_thread_blocked, id=11672, stack(0x000000a86d000000,0x000000a86d100000) (1024K)]
  0x0000023dce9e7ad0 JavaThread "C2 CompilerThread0"         daemon [_thread_blocked, id=11216, stack(0x000000a86d100000,0x000000a86d200000) (1024K)]
  0x0000023dce9ec4e0 JavaThread "C1 CompilerThread0"         daemon [_thread_blocked, id=18960, stack(0x000000a86d200000,0x000000a86d300000) (1024K)]
  0x0000023e141b1de0 JavaThread "Common-Cleaner"             daemon [_thread_blocked, id=10208, stack(0x000000a86d300000,0x000000a86d400000) (1024K)]
  0x0000023e14311ba0 JavaThread "Monitor Ctrl-Break"         daemon [_thread_in_native, id=14592, stack(0x000000a86d400000,0x000000a86d500000) (1024K)]
  0x0000023e143122e0 JavaThread "Notification Thread"        daemon [_thread_blocked, id=18664, stack(0x000000a86d500000,0x000000a86d600000) (1024K)]
  0x0000023e150225f0 JavaThread "RMI TCP Accept-0"           daemon [_thread_in_native, id=24612, stack(0x000000a86db00000,0x000000a86dc00000) (1024K)]
  0x0000023e15286b80 JavaThread "RMI Scheduler(0)"           daemon [_thread_blocked, id=9308, stack(0x000000a86df00000,0x000000a86e000000) (1024K)]
  0x0000023e150556f0 JavaThread "JMX server connection timeout 31" daemon [_thread_blocked, id=20040, stack(0x000000a86e100000,0x000000a86e200000) (1024K)]
  0x0000023e153b04e0 JavaThread "RMI TCP Connection(2)-192.168.68.120" daemon [_thread_in_native, id=16100, stack(0x000000a86c000000,0x000000a86c100000) (1024K)]
  0x0000023e153b1380 JavaThread "RMI TCP Connection(idle)"   daemon [_thread_blocked, id=24156, stack(0x000000a86c100000,0x000000a86c200000) (1024K)]
  0x0000023e153b1ad0 JavaThread "SIGINT handler"             daemon [_thread_blocked, id=12168, stack(0x000000a86c200000,0x000000a86c300000) (1024K)]
Total: 18

Other Threads:
=>0x0000023dce9d0060 VMThread "VM Thread"                           [id=15072, stack(0x000000a86ca00000,0x000000a86cb00000) (1024K)]
  0x0000023db1dcece0 WorkerThread "GC Thread#0"                     [id=1032, stack(0x000000a86c400000,0x000000a86c500000) (1024K)]
  0x0000023e141de4e0 WorkerThread "GC Thread#1"                     [id=16752, stack(0x000000a86d600000,0x000000a86d700000) (1024K)]
  0x0000023e141dc760 WorkerThread "GC Thread#2"                     [id=17616, stack(0x000000a86d700000,0x000000a86d800000) (1024K)]
  0x0000023e141deff0 WorkerThread "GC Thread#3"                     [id=4124, stack(0x000000a86e200000,0x000000a86e300000) (1024K)]
  0x0000023e141dcb10 WorkerThread "GC Thread#4"                     [id=8496, stack(0x000000a86e300000,0x000000a86e400000) (1024K)]
  0x0000023e141de890 WorkerThread "GC Thread#5"                     [id=23928, stack(0x000000a86e400000,0x000000a86e500000) (1024K)]
  0x0000023e141df3a0 WorkerThread "GC Thread#6"                     [id=23568, stack(0x000000a86e500000,0x000000a86e600000) (1024K)]
  0x0000023e141dd270 WorkerThread "GC Thread#7"                     [id=17120, stack(0x000000a86e600000,0x000000a86e700000) (1024K)]
  0x0000023db1de34c0 ConcurrentGCThread "G1 Main Marker"            terminated
  0x0000023db1de55b0 WorkerThread "G1 Conc#0"                       [id=25148, stack(0x000000a86c600000,0x000000a86c700000) (1024K)]
  0x0000023dce87b080 ConcurrentGCThread "G1 Refine#0"               terminated
  0x0000023dce87e8d0 ConcurrentGCThread "G1 Service"                terminated
Total: 13

Threads with active compile tasks:
Total: 0

VM state: at safepoint (shutting down)

VM Mutex/Monitor currently owned by a thread:  ([mutex/lock_event])
[0x00007ff8bff0de18] ThreadsLockThrottle_lock - owner thread: 0x0000023dce9e4730
[0x00007ff8bff0e098] Threads_lock - owner thread: 0x0000023dce9d0060
[0x00007ff8bff0e198] Heap_lock - owner thread: 0x0000023e153b1ad0

Heap address: 0x0000000083600000, size: 1994 MB, Compressed Oops mode: 32-bit

CDS archive(s) mapped at: [0x0000023dcf000000-0x0000023dcfd40000-0x0000023dcfd40000), size 13893632, SharedBaseAddress: 0x0000023dcf000000, ArchiveRelocationMode: 1.
Compressed class space mapped at: 0x0000023dd0000000-0x0000023e10000000, reserved size: 1073741824
UseCompressedClassPointers 1, UseCompactObjectHeaders 0
Narrow klass pointer bits 32, Max shift 3
Narrow klass base: 0x0000023dcf000000, Narrow klass shift: 0
Encoding Range: [0x0000023dcf000000 - 0x0000023ecf000000), (4294967296 bytes)
Klass Range:    [0x0000023dcf000000 - 0x0000023e10000000), (1090519040 bytes)
Klass ID Range:  [8 - 1090519033) (1090519025)

GC Precious Log:
 CardTable entry size: 512
 Card Set container configuration: InlinePtr #cards 5 size 8 Array Of Cards #cards 10 size 36 Howl #buckets 4 coarsen threshold 1843 Howl Bitmap #cards 512 size 80 coarsen threshold 460 Card regions per heap region 1 cards per card region 2048
 CPUs: 8 total, 8 available
 Memory: 7975M
 Large Page Support: Disabled
 NUMA Support: Disabled
 Compressed Oops: Enabled (32-bit)
 Heap Region Size: 1M
 Heap Min Capacity: 8M
 Heap Initial Capacity: 126M
 Heap Max Capacity: 1994M
 Pre-touch: Disabled
 Parallel Workers: 8
 Concurrent Workers: 2
 Concurrent Refinement Workers: 8
 Periodic GC: Disabled

Heap:
 garbage-first heap   total reserved 2041856K, committed 131072K, used 32754K [0x0000000083600000, 0x0000000100000000)
  region size 1024K, 32 young (32768K), 4 survivors (4096K)
 Metaspace       used 11554K, committed 11840K, reserved 1114112K
  class space    used 771K, committed 896K, reserved 1048576K

Heap Regions: E=young(eden), S=young(survivor), O=old, HS=humongous(starts), HC=humongous(continues), CS=collection set, F=free, TAMS=top-at-mark-start, PB=parsable bottom
|   0|0x0000000083600000, 0x0000000083600000, 0x0000000083700000|  0%| F|  |TAMS 0x0000000083600000| PB 0x0000000083600000| Untracked |  0
|   1|0x0000000083700000, 0x0000000083700000, 0x0000000083800000|  0%| F|  |TAMS 0x0000000083700000| PB 0x0000000083700000| Untracked |  0
|   2|0x0000000083800000, 0x0000000083800000, 0x0000000083900000|  0%| F|  |TAMS 0x0000000083800000| PB 0x0000000083800000| Untracked |  0
|   3|0x0000000083900000, 0x0000000083900000, 0x0000000083a00000|  0%| F|  |TAMS 0x0000000083900000| PB 0x0000000083900000| Untracked |  0
|   4|0x0000000083a00000, 0x0000000083a00000, 0x0000000083b00000|  0%| F|  |TAMS 0x0000000083a00000| PB 0x0000000083a00000| Untracked |  0
|   5|0x0000000083b00000, 0x0000000083b00000, 0x0000000083c00000|  0%| F|  |TAMS 0x0000000083b00000| PB 0x0000000083b00000| Untracked |  0
|   6|0x0000000083c00000, 0x0000000083c00000, 0x0000000083d00000|  0%| F|  |TAMS 0x0000000083c00000| PB 0x0000000083c00000| Untracked |  0
|   7|0x0000000083d00000, 0x0000000083d00000, 0x0000000083e00000|  0%| F|  |TAMS 0x0000000083d00000| PB 0x0000000083d00000| Untracked |  0
|   8|0x0000000083e00000, 0x0000000083e00000, 0x0000000083f00000|  0%| F|  |TAMS 0x0000000083e00000| PB 0x0000000083e00000| Untracked |  0
|   9|0x0000000083f00000, 0x0000000083f00000, 0x0000000084000000|  0%| F|  |TAMS 0x0000000083f00000| PB 0x0000000083f00000| Untracked |  0
|  10|0x0000000084000000, 0x0000000084000000, 0x0000000084100000|  0%| F|  |TAMS 0x0000000084000000| PB 0x0000000084000000| Untracked |  0
|  11|0x0000000084100000, 0x0000000084100000, 0x0000000084200000|  0%| F|  |TAMS 0x0000000084100000| PB 0x0000000084100000| Untracked |  0
|  12|0x0000000084200000, 0x0000000084200000, 0x0000000084300000|  0%| F|  |TAMS 0x0000000084200000| PB 0x0000000084200000| Untracked |  0
|  13|0x0000000084300000, 0x0000000084300000, 0x0000000084400000|  0%| F|  |TAMS 0x0000000084300000| PB 0x0000000084300000| Untracked |  0
|  14|0x0000000084400000, 0x0000000084400000, 0x0000000084500000|  0%| F|  |TAMS 0x0000000084400000| PB 0x0000000084400000| Untracked |  0
|  15|0x0000000084500000, 0x0000000084500000, 0x0000000084600000|  0%| F|  |TAMS 0x0000000084500000| PB 0x0000000084500000| Untracked |  0
|  16|0x0000000084600000, 0x0000000084600000, 0x0000000084700000|  0%| F|  |TAMS 0x0000000084600000| PB 0x0000000084600000| Untracked |  0
|  17|0x0000000084700000, 0x0000000084700000, 0x0000000084800000|  0%| F|  |TAMS 0x0000000084700000| PB 0x0000000084700000| Untracked |  0
|  18|0x0000000084800000, 0x0000000084800000, 0x0000000084900000|  0%| F|  |TAMS 0x0000000084800000| PB 0x0000000084800000| Untracked |  0
|  19|0x0000000084900000, 0x0000000084900000, 0x0000000084a00000|  0%| F|  |TAMS 0x0000000084900000| PB 0x0000000084900000| Untracked |  0
|  20|0x0000000084a00000, 0x0000000084a00000, 0x0000000084b00000|  0%| F|  |TAMS 0x0000000084a00000| PB 0x0000000084a00000| Untracked |  0
|  21|0x0000000084b00000, 0x0000000084b00000, 0x0000000084c00000|  0%| F|  |TAMS 0x0000000084b00000| PB 0x0000000084b00000| Untracked |  0
|  22|0x0000000084c00000, 0x0000000084c00000, 0x0000000084d00000|  0%| F|  |TAMS 0x0000000084c00000| PB 0x0000000084c00000| Untracked |  0
|  23|0x0000000084d00000, 0x0000000084d00000, 0x0000000084e00000|  0%| F|  |TAMS 0x0000000084d00000| PB 0x0000000084d00000| Untracked |  0
|  24|0x0000000084e00000, 0x0000000084e00000, 0x0000000084f00000|  0%| F|  |TAMS 0x0000000084e00000| PB 0x0000000084e00000| Untracked |  0
|  25|0x0000000084f00000, 0x0000000084f00000, 0x0000000085000000|  0%| F|  |TAMS 0x0000000084f00000| PB 0x0000000084f00000| Untracked |  0
|  26|0x0000000085000000, 0x0000000085000000, 0x0000000085100000|  0%| F|  |TAMS 0x0000000085000000| PB 0x0000000085000000| Untracked |  0
|  27|0x0000000085100000, 0x0000000085100000, 0x0000000085200000|  0%| F|  |TAMS 0x0000000085100000| PB 0x0000000085100000| Untracked |  0
|  28|0x0000000085200000, 0x0000000085200000, 0x0000000085300000|  0%| F|  |TAMS 0x0000000085200000| PB 0x0000000085200000| Untracked |  0
|  29|0x0000000085300000, 0x0000000085300000, 0x0000000085400000|  0%| F|  |TAMS 0x0000000085300000| PB 0x0000000085300000| Untracked |  0
|  30|0x0000000085400000, 0x0000000085400000, 0x0000000085500000|  0%| F|  |TAMS 0x0000000085400000| PB 0x0000000085400000| Untracked |  0
|  31|0x0000000085500000, 0x0000000085500000, 0x0000000085600000|  0%| F|  |TAMS 0x0000000085500000| PB 0x0000000085500000| Untracked |  0
|  32|0x0000000085600000, 0x0000000085600000, 0x0000000085700000|  0%| F|  |TAMS 0x0000000085600000| PB 0x0000000085600000| Untracked |  0
|  33|0x0000000085700000, 0x0000000085700000, 0x0000000085800000|  0%| F|  |TAMS 0x0000000085700000| PB 0x0000000085700000| Untracked |  0
|  34|0x0000000085800000, 0x0000000085800000, 0x0000000085900000|  0%| F|  |TAMS 0x0000000085800000| PB 0x0000000085800000| Untracked |  0
|  35|0x0000000085900000, 0x0000000085900000, 0x0000000085a00000|  0%| F|  |TAMS 0x0000000085900000| PB 0x0000000085900000| Untracked |  0
|  36|0x0000000085a00000, 0x0000000085a00000, 0x0000000085b00000|  0%| F|  |TAMS 0x0000000085a00000| PB 0x0000000085a00000| Untracked |  0
|  37|0x0000000085b00000, 0x0000000085b00000, 0x0000000085c00000|  0%| F|  |TAMS 0x0000000085b00000| PB 0x0000000085b00000| Untracked |  0
|  38|0x0000000085c00000, 0x0000000085c00000, 0x0000000085d00000|  0%| F|  |TAMS 0x0000000085c00000| PB 0x0000000085c00000| Untracked |  0
|  39|0x0000000085d00000, 0x0000000085d00000, 0x0000000085e00000|  0%| F|  |TAMS 0x0000000085d00000| PB 0x0000000085d00000| Untracked |  0
|  40|0x0000000085e00000, 0x0000000085e00000, 0x0000000085f00000|  0%| F|  |TAMS 0x0000000085e00000| PB 0x0000000085e00000| Untracked |  0
|  41|0x0000000085f00000, 0x0000000085f00000, 0x0000000086000000|  0%| F|  |TAMS 0x0000000085f00000| PB 0x0000000085f00000| Untracked |  0
|  42|0x0000000086000000, 0x0000000086000000, 0x0000000086100000|  0%| F|  |TAMS 0x0000000086000000| PB 0x0000000086000000| Untracked |  0
|  43|0x0000000086100000, 0x0000000086100000, 0x0000000086200000|  0%| F|  |TAMS 0x0000000086100000| PB 0x0000000086100000| Untracked |  0
|  44|0x0000000086200000, 0x0000000086200000, 0x0000000086300000|  0%| F|  |TAMS 0x0000000086200000| PB 0x0000000086200000| Untracked |  0
|  45|0x0000000086300000, 0x0000000086300000, 0x0000000086400000|  0%| F|  |TAMS 0x0000000086300000| PB 0x0000000086300000| Untracked |  0
|  46|0x0000000086400000, 0x0000000086400000, 0x0000000086500000|  0%| F|  |TAMS 0x0000000086400000| PB 0x0000000086400000| Untracked |  0
|  47|0x0000000086500000, 0x0000000086500000, 0x0000000086600000|  0%| F|  |TAMS 0x0000000086500000| PB 0x0000000086500000| Untracked |  0
|  48|0x0000000086600000, 0x00000000866e06c0, 0x0000000086700000| 87%| S|CS|TAMS 0x0000000086600000| PB 0x0000000086600000| Complete |  0
|  49|0x0000000086700000, 0x0000000086800000, 0x0000000086800000|100%| S|CS|TAMS 0x0000000086700000| PB 0x0000000086700000| Complete |  0
|  50|0x0000000086800000, 0x0000000086900000, 0x0000000086900000|100%| S|CS|TAMS 0x0000000086800000| PB 0x0000000086800000| Complete |  0
|  51|0x0000000086900000, 0x0000000086a00000, 0x0000000086a00000|100%| S|CS|TAMS 0x0000000086900000| PB 0x0000000086900000| Complete |  0
|  52|0x0000000086a00000, 0x0000000086a00000, 0x0000000086b00000|  0%| F|  |TAMS 0x0000000086a00000| PB 0x0000000086a00000| Untracked |  0
|  53|0x0000000086b00000, 0x0000000086b00000, 0x0000000086c00000|  0%| F|  |TAMS 0x0000000086b00000| PB 0x0000000086b00000| Untracked |  0
|  54|0x0000000086c00000, 0x0000000086c00000, 0x0000000086d00000|  0%| F|  |TAMS 0x0000000086c00000| PB 0x0000000086c00000| Untracked |  0
|  55|0x0000000086d00000, 0x0000000086d00000, 0x0000000086e00000|  0%| F|  |TAMS 0x0000000086d00000| PB 0x0000000086d00000| Untracked |  0
|  56|0x0000000086e00000, 0x0000000086e00000, 0x0000000086f00000|  0%| F|  |TAMS 0x0000000086e00000| PB 0x0000000086e00000| Untracked |  0
|  57|0x0000000086f00000, 0x0000000086f00000, 0x0000000087000000|  0%| F|  |TAMS 0x0000000086f00000| PB 0x0000000086f00000| Untracked |  0
|  58|0x0000000087000000, 0x0000000087000000, 0x0000000087100000|  0%| F|  |TAMS 0x0000000087000000| PB 0x0000000087000000| Untracked |  0
|  59|0x0000000087100000, 0x0000000087100000, 0x0000000087200000|  0%| F|  |TAMS 0x0000000087100000| PB 0x0000000087100000| Untracked |  0
|  60|0x0000000087200000, 0x0000000087200000, 0x0000000087300000|  0%| F|  |TAMS 0x0000000087200000| PB 0x0000000087200000| Untracked |  0
|  61|0x0000000087300000, 0x0000000087300000, 0x0000000087400000|  0%| F|  |TAMS 0x0000000087300000| PB 0x0000000087300000| Untracked |  0
|  62|0x0000000087400000, 0x0000000087400000, 0x0000000087500000|  0%| F|  |TAMS 0x0000000087400000| PB 0x0000000087400000| Untracked |  0
|  63|0x0000000087500000, 0x0000000087500000, 0x0000000087600000|  0%| F|  |TAMS 0x0000000087500000| PB 0x0000000087500000| Untracked |  0
|  64|0x0000000087600000, 0x0000000087600000, 0x0000000087700000|  0%| F|  |TAMS 0x0000000087600000| PB 0x0000000087600000| Untracked |  0
|  65|0x0000000087700000, 0x0000000087700000, 0x0000000087800000|  0%| F|  |TAMS 0x0000000087700000| PB 0x0000000087700000| Untracked |  0
|  66|0x0000000087800000, 0x0000000087800000, 0x0000000087900000|  0%| F|  |TAMS 0x0000000087800000| PB 0x0000000087800000| Untracked |  0
|  67|0x0000000087900000, 0x0000000087900000, 0x0000000087a00000|  0%| F|  |TAMS 0x0000000087900000| PB 0x0000000087900000| Untracked |  0
|  68|0x0000000087a00000, 0x0000000087a00000, 0x0000000087b00000|  0%| F|  |TAMS 0x0000000087a00000| PB 0x0000000087a00000| Untracked |  0
|  69|0x0000000087b00000, 0x0000000087b00000, 0x0000000087c00000|  0%| F|  |TAMS 0x0000000087b00000| PB 0x0000000087b00000| Untracked |  0
|  70|0x0000000087c00000, 0x0000000087c00000, 0x0000000087d00000|  0%| F|  |TAMS 0x0000000087c00000| PB 0x0000000087c00000| Untracked |  0
|  71|0x0000000087d00000, 0x0000000087d00000, 0x0000000087e00000|  0%| F|  |TAMS 0x0000000087d00000| PB 0x0000000087d00000| Untracked |  0
|  72|0x0000000087e00000, 0x0000000087e00000, 0x0000000087f00000|  0%| F|  |TAMS 0x0000000087e00000| PB 0x0000000087e00000| Untracked |  0
|  73|0x0000000087f00000, 0x0000000087f00000, 0x0000000088000000|  0%| F|  |TAMS 0x0000000087f00000| PB 0x0000000087f00000| Untracked |  0
|  74|0x0000000088000000, 0x0000000088000000, 0x0000000088100000|  0%| F|  |TAMS 0x0000000088000000| PB 0x0000000088000000| Untracked |  0
|  75|0x0000000088100000, 0x0000000088100000, 0x0000000088200000|  0%| F|  |TAMS 0x0000000088100000| PB 0x0000000088100000| Untracked |  0
|  76|0x0000000088200000, 0x0000000088200000, 0x0000000088300000|  0%| F|  |TAMS 0x0000000088200000| PB 0x0000000088200000| Untracked |  0
|  77|0x0000000088300000, 0x0000000088300000, 0x0000000088400000|  0%| F|  |TAMS 0x0000000088300000| PB 0x0000000088300000| Untracked |  0
|  78|0x0000000088400000, 0x0000000088400000, 0x0000000088500000|  0%| F|  |TAMS 0x0000000088400000| PB 0x0000000088400000| Untracked |  0
|  79|0x0000000088500000, 0x0000000088500000, 0x0000000088600000|  0%| F|  |TAMS 0x0000000088500000| PB 0x0000000088500000| Untracked |  0
|  80|0x0000000088600000, 0x0000000088600000, 0x0000000088700000|  0%| F|  |TAMS 0x0000000088600000| PB 0x0000000088600000| Untracked |  0
|  81|0x0000000088700000, 0x0000000088700000, 0x0000000088800000|  0%| F|  |TAMS 0x0000000088700000| PB 0x0000000088700000| Untracked |  0
|  82|0x0000000088800000, 0x0000000088800000, 0x0000000088900000|  0%| F|  |TAMS 0x0000000088800000| PB 0x0000000088800000| Untracked |  0
|  83|0x0000000088900000, 0x0000000088900000, 0x0000000088a00000|  0%| F|  |TAMS 0x0000000088900000| PB 0x0000000088900000| Untracked |  0
|  84|0x0000000088a00000, 0x0000000088a00000, 0x0000000088b00000|  0%| F|  |TAMS 0x0000000088a00000| PB 0x0000000088a00000| Untracked |  0
|  85|0x0000000088b00000, 0x0000000088b00000, 0x0000000088c00000|  0%| F|  |TAMS 0x0000000088b00000| PB 0x0000000088b00000| Untracked |  0
|  86|0x0000000088c00000, 0x0000000088c00000, 0x0000000088d00000|  0%| F|  |TAMS 0x0000000088c00000| PB 0x0000000088c00000| Untracked |  0
|  87|0x0000000088d00000, 0x0000000088d00000, 0x0000000088e00000|  0%| F|  |TAMS 0x0000000088d00000| PB 0x0000000088d00000| Untracked |  0
|  88|0x0000000088e00000, 0x0000000088e00000, 0x0000000088f00000|  0%| F|  |TAMS 0x0000000088e00000| PB 0x0000000088e00000| Untracked |  0
|  89|0x0000000088f00000, 0x0000000088f00000, 0x0000000089000000|  0%| F|  |TAMS 0x0000000088f00000| PB 0x0000000088f00000| Untracked |  0
|  90|0x0000000089000000, 0x0000000089000000, 0x0000000089100000|  0%| F|  |TAMS 0x0000000089000000| PB 0x0000000089000000| Untracked |  0
|  91|0x0000000089100000, 0x0000000089100000, 0x0000000089200000|  0%| F|  |TAMS 0x0000000089100000| PB 0x0000000089100000| Untracked |  0
|  92|0x0000000089200000, 0x0000000089200000, 0x0000000089300000|  0%| F|  |TAMS 0x0000000089200000| PB 0x0000000089200000| Untracked |  0
|  93|0x0000000089300000, 0x0000000089300000, 0x0000000089400000|  0%| F|  |TAMS 0x0000000089300000| PB 0x0000000089300000| Untracked |  0
|  94|0x0000000089400000, 0x0000000089400000, 0x0000000089500000|  0%| F|  |TAMS 0x0000000089400000| PB 0x0000000089400000| Untracked |  0
|  95|0x0000000089500000, 0x0000000089500000, 0x0000000089600000|  0%| F|  |TAMS 0x0000000089500000| PB 0x0000000089500000| Untracked |  0
|  96|0x0000000089600000, 0x0000000089600000, 0x0000000089700000|  0%| F|  |TAMS 0x0000000089600000| PB 0x0000000089600000| Untracked |  0
|  97|0x0000000089700000, 0x0000000089700000, 0x0000000089800000|  0%| F|  |TAMS 0x0000000089700000| PB 0x0000000089700000| Untracked |  0
|  98|0x0000000089800000, 0x0000000089880000, 0x0000000089900000| 50%| E|  |TAMS 0x0000000089800000| PB 0x0000000089800000| Complete |  0
|  99|0x0000000089900000, 0x0000000089a00000, 0x0000000089a00000|100%| E|CS|TAMS 0x0000000089900000| PB 0x0000000089900000| Complete |  0
| 100|0x0000000089a00000, 0x0000000089b00000, 0x0000000089b00000|100%| E|CS|TAMS 0x0000000089a00000| PB 0x0000000089a00000| Complete |  0
| 101|0x0000000089b00000, 0x0000000089c00000, 0x0000000089c00000|100%| E|CS|TAMS 0x0000000089b00000| PB 0x0000000089b00000| Complete |  0
| 102|0x0000000089c00000, 0x0000000089d00000, 0x0000000089d00000|100%| E|CS|TAMS 0x0000000089c00000| PB 0x0000000089c00000| Complete |  0
| 103|0x0000000089d00000, 0x0000000089e00000, 0x0000000089e00000|100%| E|CS|TAMS 0x0000000089d00000| PB 0x0000000089d00000| Complete |  0
| 104|0x0000000089e00000, 0x0000000089f00000, 0x0000000089f00000|100%| E|CS|TAMS 0x0000000089e00000| PB 0x0000000089e00000| Complete |  0
| 105|0x0000000089f00000, 0x000000008a000000, 0x000000008a000000|100%| E|CS|TAMS 0x0000000089f00000| PB 0x0000000089f00000| Complete |  0
| 106|0x000000008a000000, 0x000000008a100000, 0x000000008a100000|100%| E|CS|TAMS 0x000000008a000000| PB 0x000000008a000000| Complete |  0
| 107|0x000000008a100000, 0x000000008a200000, 0x000000008a200000|100%| E|CS|TAMS 0x000000008a100000| PB 0x000000008a100000| Complete |  0
| 108|0x000000008a200000, 0x000000008a300000, 0x000000008a300000|100%| E|CS|TAMS 0x000000008a200000| PB 0x000000008a200000| Complete |  0
| 109|0x000000008a300000, 0x000000008a400000, 0x000000008a400000|100%| E|CS|TAMS 0x000000008a300000| PB 0x000000008a300000| Complete |  0
| 110|0x000000008a400000, 0x000000008a500000, 0x000000008a500000|100%| E|CS|TAMS 0x000000008a400000| PB 0x000000008a400000| Complete |  0
| 111|0x000000008a500000, 0x000000008a600000, 0x000000008a600000|100%| E|CS|TAMS 0x000000008a500000| PB 0x000000008a500000| Complete |  0
| 112|0x000000008a600000, 0x000000008a700000, 0x000000008a700000|100%| E|CS|TAMS 0x000000008a600000| PB 0x000000008a600000| Complete |  0
| 113|0x000000008a700000, 0x000000008a800000, 0x000000008a800000|100%| E|CS|TAMS 0x000000008a700000| PB 0x000000008a700000| Complete |  0
| 114|0x000000008a800000, 0x000000008a900000, 0x000000008a900000|100%| E|CS|TAMS 0x000000008a800000| PB 0x000000008a800000| Complete |  0
| 115|0x000000008a900000, 0x000000008aa00000, 0x000000008aa00000|100%| E|CS|TAMS 0x000000008a900000| PB 0x000000008a900000| Complete |  0
| 116|0x000000008aa00000, 0x000000008ab00000, 0x000000008ab00000|100%| E|CS|TAMS 0x000000008aa00000| PB 0x000000008aa00000| Complete |  0
| 117|0x000000008ab00000, 0x000000008ac00000, 0x000000008ac00000|100%| E|CS|TAMS 0x000000008ab00000| PB 0x000000008ab00000| Complete |  0
| 118|0x000000008ac00000, 0x000000008ad00000, 0x000000008ad00000|100%| E|CS|TAMS 0x000000008ac00000| PB 0x000000008ac00000| Complete |  0
| 119|0x000000008ad00000, 0x000000008ae00000, 0x000000008ae00000|100%| E|CS|TAMS 0x000000008ad00000| PB 0x000000008ad00000| Complete |  0
| 120|0x000000008ae00000, 0x000000008af00000, 0x000000008af00000|100%| E|CS|TAMS 0x000000008ae00000| PB 0x000000008ae00000| Complete |  0
| 121|0x000000008af00000, 0x000000008b000000, 0x000000008b000000|100%| E|CS|TAMS 0x000000008af00000| PB 0x000000008af00000| Complete |  0
| 122|0x000000008b000000, 0x000000008b100000, 0x000000008b100000|100%| E|CS|TAMS 0x000000008b000000| PB 0x000000008b000000| Complete |  0
| 123|0x000000008b100000, 0x000000008b200000, 0x000000008b200000|100%| E|CS|TAMS 0x000000008b100000| PB 0x000000008b100000| Complete |  0
| 124|0x000000008b200000, 0x000000008b300000, 0x000000008b300000|100%| E|CS|TAMS 0x000000008b200000| PB 0x000000008b200000| Complete |  0
| 125|0x000000008b300000, 0x000000008b400000, 0x000000008b400000|100%| E|CS|TAMS 0x000000008b300000| PB 0x000000008b300000| Complete |  0
|1992|0x00000000ffe00000, 0x00000000fff00000, 0x00000000fff00000|100%| O|  |TAMS 0x00000000ffe00000| PB 0x00000000ffe00000| Untracked |  0
|1993|0x00000000fff00000, 0x00000000fff1c330, 0x0000000100000000| 11%| O|  |TAMS 0x00000000fff00000| PB 0x00000000fff00000| Untracked |  0

Card table byte_map: [0x0000023dca090000,0x0000023dca480000] _byte_map_base: 0x0000023dc9c75000

Marking Bits: (CMBitMap*) 0x0000023db1dcf3f0
 Bits: [0x0000023dca480000, 0x0000023dcc3a8000)

Polling page: 0x0000023dafb20000

Metaspace:

Usage:
  Non-class:     10.53 MB used.
      Class:    771.31 KB used.
       Both:     11.28 MB used.

Virtual space:
  Non-class space:       64.00 MB reserved,      10.69 MB ( 17%) committed,  1 nodes.
      Class space:        1.00 GB reserved,     896.00 KB ( <1%) committed,  1 nodes.
             Both:        1.06 GB reserved,      11.56 MB (  1%) committed. 

Chunk freelists:
   Non-Class:  4.66 MB
       Class:  15.11 MB
        Both:  19.78 MB

MaxMetaspaceSize: unlimited
CompressedClassSpaceSize: 1.00 GB
Initial GC threshold: 21.00 MB
Current GC threshold: 21.00 MB
CDS: on
 - commit_granule_bytes: 65536.
 - commit_granule_words: 8192.
 - virtual_space_node_default_size: 8388608.
 - enlarge_chunks_in_place: 1.
UseCompressedClassPointers 1, UseCompactObjectHeaders 0
Narrow klass pointer bits 32, Max shift 3
Narrow klass base: 0x0000023dcf000000, Narrow klass shift: 0
Encoding Range: [0x0000023dcf000000 - 0x0000023ecf000000), (4294967296 bytes)
Klass Range:    [0x0000023dcf000000 - 0x0000023e10000000), (1090519040 bytes)
Klass ID Range:  [8 - 1090519033) (1090519025)


Internal statistics:

num_allocs_failed_limit: 0.
num_arena_births: 240.
num_arena_deaths: 0.
num_vsnodes_births: 2.
num_vsnodes_deaths: 0.
num_space_committed: 184.
num_space_uncommitted: 0.
num_chunks_returned_to_freelist: 0.
num_chunks_taken_from_freelist: 442.
num_chunk_merges: 0.
num_chunk_splits: 295.
num_chunks_enlarged: 186.
num_inconsistent_stats: 0.

CodeHeap 'non-profiled nmethods': size=120064Kb used=1166Kb max_used=1166Kb free=118897Kb
 bounds [0x0000023dc2320000, 0x0000023dc2590000, 0x0000023dc9860000]
CodeHeap 'profiled nmethods': size=120000Kb used=4218Kb max_used=4218Kb free=115781Kb
 bounds [0x0000023dba860000, 0x0000023dbac80000, 0x0000023dc1d90000]
CodeHeap 'non-nmethods': size=5696Kb used=2589Kb max_used=2706Kb free=3106Kb
 bounds [0x0000023dc1d90000, 0x0000023dc2050000, 0x0000023dc2320000]
CodeCache: size=245760Kb, used=7973Kb, max_used=8090Kb, free=237784Kb
 total_blobs=4324, nmethods=2900, adapters=1330, full_count=0
Compilation: enabled, stopped_count=0, restarted_count=0

Compilation events (20 events):
Event: 403.312 Thread 0x0000023dce9e7ad0 2891       4       java.io.ObjectInputStream$BlockDataInputStream::setBlockDataMode (74 bytes)
Event: 403.315 Thread 0x0000023dce9e7ad0 nmethod 2891 0x0000023dc2441088 code [0x0000023dc2441180, 0x0000023dc2441248]
Event: 404.387 Thread 0x0000023dce9e7ad0 2892       4       java.util.TreeMap::put (221 bytes)
Event: 404.469 Thread 0x0000023dce9e7ad0 nmethod 2892 0x0000023dc2441388 code [0x0000023dc2441600, 0x0000023dc24430a0]
Event: 415.606 Thread 0x0000023dce9ec4e0 2893       3       java.lang.invoke.LambdaForm$MH/0x0000023dd00e2c00::invoke (57 bytes)
Event: 415.609 Thread 0x0000023dce9ec4e0 nmethod 2893 0x0000023dbac7c588 code [0x0000023dbac7c780, 0x0000023dbac7d400]
Event: 420.228 Thread 0x0000023dce9ec4e0 2894       3       java.lang.ref.ReferenceQueue::poll0 (65 bytes)
Event: 420.229 Thread 0x0000023dce9ec4e0 nmethod 2894 0x0000023dbac7d508 code [0x0000023dbac7d640, 0x0000023dbac7db00]
Event: 424.198 Thread 0x0000023dce9e7ad0 2895       4       java.io.ObjectOutputStream$BlockDataOutputStream::writeLong (48 bytes)
Event: 424.203 Thread 0x0000023dce9e7ad0 nmethod 2895 0x0000023dc2443208 code [0x0000023dc2443320, 0x0000023dc2443440]
Event: 426.263 Thread 0x0000023dce9e7ad0 2896       4       java.lang.Long::hashCode (8 bytes)
Event: 426.264 Thread 0x0000023dce9e7ad0 nmethod 2896 0x0000023dc2443508 code [0x0000023dc2443600, 0x0000023dc2443670]
Event: 429.552 Thread 0x0000023dce9ec4e0 2897       3       jdk.internal.util.ByteArray::setDouble (13 bytes)
Event: 429.554 Thread 0x0000023dce9ec4e0 nmethod 2897 0x0000023dbac7db88 code [0x0000023dbac7dd00, 0x0000023dbac7e448]
Event: 434.886 Thread 0x0000023dce9e7ad0 2898       4       java.util.concurrent.locks.AbstractQueuedSynchronizer::signalNext (34 bytes)
Event: 434.891 Thread 0x0000023dce9e7ad0 nmethod 2898 0x0000023dc2443808 code [0x0000023dc2443920, 0x0000023dc2443a00]
Event: 436.396 Thread 0x0000023dce9ec4e0 2899       3       java.lang.Thread::onSpinWait (1 bytes)
Event: 436.397 Thread 0x0000023dce9ec4e0 nmethod 2899 0x0000023dbac7e508 code [0x0000023dbac7e620, 0x0000023dbac7e708]
Event: 445.724 Thread 0x0000023dce9ec4e0 2900       3       java.util.logging.LogManager::getProperty (9 bytes)
Event: 445.725 Thread 0x0000023dce9ec4e0 nmethod 2900 0x0000023dbac7e808 code [0x0000023dbac7e920, 0x0000023dbac7eaf0]

GC Heap History (10 events):
Event: 31.423 GC heap before
{Heap before GC invocations=0 (full 0):
 garbage-first heap   total reserved 2041856K, committed 131072K, used 50288K [0x0000000083600000, 0x0000000100000000)
  region size 1024K, 47 young (48128K), 0 survivors (0K)
 Metaspace       used 11254K, committed 11520K, reserved 1114112K
  class space    used 765K, committed 896K, reserved 1048576K
}
Event: 31.467 GC heap after
{Heap after GC invocations=1 (full 0):
 garbage-first heap   total reserved 2041856K, committed 131072K, used 4891K [0x0000000083600000, 0x0000000100000000)
  region size 1024K, 4 young (4096K), 4 survivors (4096K)
 Metaspace       used 11254K, committed 11520K, reserved 1114112K
  class space    used 765K, committed 896K, reserved 1048576K
}
Event: 97.632 GC heap before
{Heap before GC invocations=1 (full 0):
 garbage-first heap   total reserved 2041856K, committed 131072K, used 51995K [0x0000000083600000, 0x0000000100000000)
  region size 1024K, 50 young (51200K), 4 survivors (4096K)
 Metaspace       used 11438K, committed 11712K, reserved 1114112K
  class space    used 770K, committed 896K, reserved 1048576K
}
Event: 97.648 GC heap after
{Heap after GC invocations=2 (full 0):
 garbage-first heap   total reserved 2041856K, committed 131072K, used 4857K [0x0000000083600000, 0x0000000100000000)
  region size 1024K, 4 young (4096K), 4 survivors (4096K)
 Metaspace       used 11438K, committed 11712K, reserved 1114112K
  class space    used 770K, committed 896K, reserved 1048576K
}
Event: 200.448 GC heap before
{Heap before GC invocations=2 (full 0):
 garbage-first heap   total reserved 2041856K, committed 131072K, used 76537K [0x0000000083600000, 0x0000000100000000)
  region size 1024K, 74 young (75776K), 4 survivors (4096K)
 Metaspace       used 11523K, committed 11776K, reserved 1114112K
  class space    used 770K, committed 896K, reserved 1048576K
}
Event: 200.464 GC heap after
{Heap after GC invocations=3 (full 0):
 garbage-first heap   total reserved 2041856K, committed 131072K, used 4876K [0x0000000083600000, 0x0000000100000000)
  region size 1024K, 4 young (4096K), 4 survivors (4096K)
 Metaspace       used 11523K, committed 11776K, reserved 1114112K
  class space    used 770K, committed 896K, reserved 1048576K
}
Event: 303.697 GC heap before
{Heap before GC invocations=3 (full 0):
 garbage-first heap   total reserved 2041856K, committed 131072K, used 77580K [0x0000000083600000, 0x0000000100000000)
  region size 1024K, 75 young (76800K), 4 survivors (4096K)
 Metaspace       used 11549K, committed 11840K, reserved 1114112K
  class space    used 770K, committed 896K, reserved 1048576K
}
Event: 303.713 GC heap after
{Heap after GC invocations=4 (full 0):
 garbage-first heap   total reserved 2041856K, committed 131072K, used 4874K [0x0000000083600000, 0x0000000100000000)
  region size 1024K, 4 young (4096K), 4 survivors (4096K)
 Metaspace       used 11549K, committed 11840K, reserved 1114112K
  class space    used 770K, committed 896K, reserved 1048576K
}
Event: 408.261 GC heap before
{Heap before GC invocations=4 (full 0):
 garbage-first heap   total reserved 2041856K, committed 131072K, used 77578K [0x0000000083600000, 0x0000000100000000)
  region size 1024K, 75 young (76800K), 4 survivors (4096K)
 Metaspace       used 11550K, committed 11840K, reserved 1114112K
  class space    used 770K, committed 896K, reserved 1048576K
}
Event: 408.273 GC heap after
{Heap after GC invocations=5 (full 0):
 garbage-first heap   total reserved 2041856K, committed 131072K, used 5106K [0x0000000083600000, 0x0000000100000000)
  region size 1024K, 4 young (4096K), 4 survivors (4096K)
 Metaspace       used 11550K, committed 11840K, reserved 1114112K
  class space    used 770K, committed 896K, reserved 1048576K
}

Dll operation events (15 events):
Event: 0.036 Loaded shared library C:\Users\LENOVO\.jdks\corretto-24.0.2\bin\java.dll
Event: 0.089 Loaded shared library C:\Users\LENOVO\.jdks\corretto-24.0.2\bin\jsvml.dll
Event: 0.157 Loaded shared library C:\Users\LENOVO\.jdks\corretto-24.0.2\bin\zip.dll
Event: 0.162 Loaded shared library C:\Users\LENOVO\.jdks\corretto-24.0.2\bin\instrument.dll
Event: 0.171 Loaded shared library C:\Users\LENOVO\.jdks\corretto-24.0.2\bin\net.dll
Event: 0.174 Loaded shared library C:\Users\LENOVO\.jdks\corretto-24.0.2\bin\nio.dll
Event: 0.179 Loaded shared library C:\Users\LENOVO\.jdks\corretto-24.0.2\bin\zip.dll
Event: 0.228 Loaded shared library C:\Program Files\JetBrains\IntelliJ IDEA 2024.2.3\bin\breakgen64.dll
Event: 0.250 Loaded shared library C:\Users\LENOVO\.jdks\corretto-24.0.2\bin\extnet.dll
Event: 0.351 Loaded shared library C:\Users\LENOVO\.jdks\corretto-24.0.2\bin\jimage.dll
Event: 0.427 Loaded shared library C:\Users\LENOVO\AppData\Local\Temp\lwjgl_LENOVO\3.3.6+1\x64\lwjgl.dll
Event: 0.447 Loaded shared library C:\Users\LENOVO\.jdks\corretto-24.0.2\bin\management.dll
Event: 0.467 Loaded shared library C:\Users\LENOVO\.jdks\corretto-24.0.2\bin\management_ext.dll
Event: 0.966 Loaded shared library C:\Users\LENOVO\AppData\Local\Temp\lwjgl_LENOVO\3.3.6+1\x64\lwjgl_opengl.dll
Event: 1.625 Loaded shared library C:\Users\LENOVO\AppData\Local\Temp\imgui-java-natives\1.90.0\imgui-java64.dll

Deoptimization events (20 events):
Event: 286.348 Thread 0x0000023e150225f0 Uncommon trap: trap_request=0xffffff4d fr.pc=0x0000023dc23c84fc relative=0x00000000000000dc
Event: 286.348 Thread 0x0000023e150225f0 Uncommon trap: reason=unstable_if action=reinterpret pc=0x0000023dc23c84fc method=java.lang.StringLatin1.getChars(II[B)I @ 25 c2
Event: 286.348 Thread 0x0000023e150225f0 DEOPT PACKING pc=0x0000023dc23c84fc sp=0x000000a86dbfee40
Event: 286.349 Thread 0x0000023e150225f0 DEOPT UNPACKING pc=0x0000023dc1eb5f02 sp=0x000000a86dbfedd0 mode 2
Event: 300.951 Thread 0x0000023e153b04e0 Uncommon trap: trap_request=0xffffff4d fr.pc=0x0000023dc24215c0 relative=0x00000000000024c0
Event: 300.951 Thread 0x0000023e153b04e0 Uncommon trap: reason=unstable_if action=reinterpret pc=0x0000023dc24215c0 method=java.io.ObjectStreamField.isPrimitive()Z @ 14 c2
Event: 300.951 Thread 0x0000023e153b04e0 DEOPT PACKING pc=0x0000023dc24215c0 sp=0x000000a86c0fe6b0
Event: 300.952 Thread 0x0000023e153b04e0 DEOPT UNPACKING pc=0x0000023dc1eb5f02 sp=0x000000a86c0fe558 mode 2
Event: 300.952 Thread 0x0000023e153b04e0 Uncommon trap: trap_request=0xffffff4d fr.pc=0x0000023dc242a16c relative=0x0000000000000d4c
Event: 300.952 Thread 0x0000023e153b04e0 Uncommon trap: reason=unstable_if action=reinterpret pc=0x0000023dc242a16c method=java.io.ObjectStreamClass$FieldReflector.getObjFieldValues(Ljava/lang/Object;[Ljava/lang/Object;)V @ 39 c2
Event: 300.952 Thread 0x0000023e153b04e0 DEOPT PACKING pc=0x0000023dc242a16c sp=0x000000a86c0fe6e0
Event: 300.952 Thread 0x0000023e153b04e0 DEOPT UNPACKING pc=0x0000023dc1eb5f02 sp=0x000000a86c0fe590 mode 2
Event: 300.952 Thread 0x0000023e153b04e0 Uncommon trap: trap_request=0xffffff4d fr.pc=0x0000023dc2409790 relative=0x00000000000026b0
Event: 300.952 Thread 0x0000023e153b04e0 Uncommon trap: reason=unstable_if action=reinterpret pc=0x0000023dc2409790 method=java.io.ObjectOutputStream.writeObject0(Ljava/lang/Object;Z)V @ 459 c2
Event: 300.952 Thread 0x0000023e153b04e0 DEOPT PACKING pc=0x0000023dc2409790 sp=0x000000a86c0fe5f0
Event: 300.952 Thread 0x0000023e153b04e0 DEOPT UNPACKING pc=0x0000023dc1eb5f02 sp=0x000000a86c0fe5d8 mode 2
Event: 301.348 Thread 0x0000023e150f93c0 Uncommon trap: trap_request=0xffffff4d fr.pc=0x0000023dc241e428 relative=0x00000000000001e8
Event: 301.348 Thread 0x0000023e150f93c0 Uncommon trap: reason=unstable_if action=reinterpret pc=0x0000023dc241e428 method=java.io.BufferedInputStream.read()I @ 23 c2
Event: 301.348 Thread 0x0000023e150f93c0 DEOPT PACKING pc=0x0000023dc241e428 sp=0x000000a86dcfed40
Event: 301.348 Thread 0x0000023e150f93c0 DEOPT UNPACKING pc=0x0000023dc1eb5f02 sp=0x000000a86dcfece0 mode 2

Classes loaded (20 events):
Event: 0.959 Loading class java/security/UnresolvedPermission
Event: 0.960 Loading class java/security/UnresolvedPermission done
Event: 1.364 Loading class java/nio/file/AccessDeniedException
Event: 1.364 Loading class java/nio/file/AccessDeniedException done
Event: 1.364 Loading class java/io/UncheckedIOException
Event: 1.364 Loading class java/io/UncheckedIOException done
Event: 1.377 Loading class java/nio/file/StandardCopyOption
Event: 1.377 Loading class java/nio/file/StandardCopyOption done
Event: 1.674 Loading class java/lang/NumberFormatException
Event: 1.674 Loading class java/lang/NumberFormatException done
Event: 1.682 Loading class javax/management/openmbean/CompositeDataSupport
Event: 1.682 Loading class javax/management/openmbean/CompositeDataSupport done
Event: 1.683 Loading class javax/management/openmbean/OpenDataException
Event: 1.683 Loading class javax/management/openmbean/OpenDataException done
Event: 1.685 Loading class java/io/ObjectStreamException
Event: 1.686 Loading class java/io/ObjectStreamException done
Event: 3.397 Loading class jdk/internal/math/FormattedFPDecimal
Event: 3.397 Loading class jdk/internal/math/FormattedFPDecimal done
Event: 445.710 Loading class jdk/internal/misc/Signal$1
Event: 445.713 Loading class jdk/internal/misc/Signal$1 done

Classes unloaded (0 events):
No events

Classes redefined (0 events):
No events

Internal exceptions (20 events):
Event: 0.910 Thread 0x0000023e150f93c0 Exception <a 'java/lang/NoSuchMethodError'{0x000000008a148e68}: 'java.lang.Object java.lang.invoke.DirectMethodHandle$Holder.invokeInterface(java.lang.Object, java.lang.Object, java.lang.Object)'> (0x000000008a148e68) 
thrown [s\src\hotspot\share\interpreter\linkResolver.cpp, line 805]
Event: 0.920 Thread 0x0000023e150556f0 Exception <a 'java/lang/NoSuchMethodError'{0x000000008a009ee8}: 'java.lang.Object java.lang.invoke.DirectMethodHandle$Holder.invokeSpecial(java.lang.Object, java.lang.Object, java.lang.Object, java.lang.Object, long)'> (0x000000008a009ee8) 
thrown [s\src\hotspot\share\interpreter\linkResolver.cpp, line 805]
Event: 0.921 Thread 0x0000023e150f93c0 Exception <a 'java/lang/ClassNotFoundException'{0x000000008a168518}: javax/management/remote/rmi/RMIConnectionImpl_Skel> (0x000000008a168518) 
thrown [s\src\hotspot\share\classfile\systemDictionary.cpp, line 327]
Event: 0.931 Thread 0x0000023e150f93c0 Exception <a 'java/lang/NoSuchMethodError'{0x000000008a083ed8}: 'java.lang.Object java.lang.invoke.DirectMethodHandle$Holder.invokeInterface(java.lang.Object, java.lang.Object)'> (0x000000008a083ed8) 
thrown [s\src\hotspot\share\interpreter\linkResolver.cpp, line 805]
Event: 0.939 Thread 0x0000023e150f93c0 Exception <a 'java/lang/NoSuchMethodError'{0x000000008a0c7d70}: 'int java.lang.invoke.DelegatingMethodHandle$Holder.reinvoke_L(java.lang.Object, java.lang.Object, java.lang.Object, java.lang.Object, java.lang.Object)'> (0x000000008a0c7d70) 
thrown [s\src\hotspot\share\interpreter\linkResolver.cpp, line 805]
Event: 0.947 Thread 0x0000023e150f93c0 Exception <a 'java/lang/NoSuchMethodError'{0x0000000089f0b398}: 'java.lang.Object java.lang.invoke.DirectMethodHandle$Holder.invokeStatic(java.lang.Object, java.lang.Object, java.lang.Object, java.lang.Object, java.lang.Object, java.lang.Object, java.lang.Object, java.lang.Object)'> (0x0000000089f0b398) 
thrown [s\src\hotspot\share\interpreter\linkResolver.cpp, line 805]
Event: 0.950 Thread 0x0000023e150f93c0 Exception <a 'java/lang/NoSuchMethodError'{0x0000000089f2eca0}: 'java.lang.Object java.lang.invoke.DirectMethodHandle$Holder.invokeStatic(java.lang.Object, java.lang.Object, java.lang.Object, java.lang.Object, java.lang.Object, java.lang.Object, java.lang.Object, java.lang.Object, java.lang.Object)'> (0x0000000089f2eca0) 
thrown [s\src\hotspot\share\interpreter\linkResolver.cpp, line 805]
Event: 0.951 Thread 0x0000023e150f93c0 Exception <a 'java/lang/NoSuchMethodError'{0x0000000089f42150}: 'java.lang.Object java.lang.invoke.Invokers$Holder.invokeExact_MT(java.lang.Object, java.lang.Object, java.lang.Object, java.lang.Object, java.lang.Object, java.lang.Object)'> (0x0000000089f42150) 
thrown [s\src\hotspot\share\interpreter\linkResolver.cpp, line 805]
Event: 0.955 Thread 0x0000023db1d78060 Exception <a 'java/lang/NoSuchMethodError'{0x000000008a6e7df0}: 'void java.lang.System.load(java.lang.String, java.lang.Class)'> (0x000000008a6e7df0) 
thrown [s\src\hotspot\share\interpreter\linkResolver.cpp, line 805]
Event: 0.955 Thread 0x0000023e150f93c0 Exception <a 'java/lang/NoSuchMethodError'{0x0000000089f4de90}: 'java.lang.Object java.lang.invoke.DirectMethodHandle$Holder.invokeInterface(java.lang.Object, java.lang.Object, java.lang.Object, java.lang.Object, java.lang.Object)'> (0x0000000089f4de90) 
thrown [s\src\hotspot\share\interpreter\linkResolver.cpp, line 805]
Event: 0.956 Thread 0x0000023db1d78060 Exception <a 'java/lang/NoSuchMethodError'{0x000000008a6efc40}: 'void java.lang.System.loadLibrary(java.lang.String, java.lang.Class)'> (0x000000008a6efc40) 
thrown [s\src\hotspot\share\interpreter\linkResolver.cpp, line 805]
Event: 0.963 Thread 0x0000023e150f93c0 Exception <a 'java/lang/NoSuchMethodError'{0x0000000089e18920}: 'double java.lang.invoke.DirectMethodHandle$Holder.invokeInterface(java.lang.Object, java.lang.Object)'> (0x0000000089e18920) 
thrown [s\src\hotspot\share\interpreter\linkResolver.cpp, line 805]
Event: 0.963 Thread 0x0000023db1d78060 Exception <a 'sun/nio/fs/WindowsException'{0x0000000089f84ac0}> (0x0000000089f84ac0) 
thrown [s\src\hotspot\share\prims\jni.cpp, line 518]
Event: 0.964 Thread 0x0000023db1d78060 Exception <a 'sun/nio/fs/WindowsException'{0x0000000089f84e70}> (0x0000000089f84e70) 
thrown [s\src\hotspot\share\prims\jni.cpp, line 518]
Event: 0.964 Thread 0x0000023e150f93c0 Exception <a 'java/lang/NoSuchMethodError'{0x0000000089e29590}: 'double java.lang.invoke.DelegatingMethodHandle$Holder.reinvoke_L(java.lang.Object, java.lang.Object)'> (0x0000000089e29590) 
thrown [s\src\hotspot\share\interpreter\linkResolver.cpp, line 805]
Event: 0.970 Thread 0x0000023db1d78060 Exception <a 'sun/nio/fs/WindowsException'{0x0000000089f8d780}> (0x0000000089f8d780) 
thrown [s\src\hotspot\share\prims\jni.cpp, line 518]
Event: 0.970 Thread 0x0000023db1d78060 Exception <a 'sun/nio/fs/WindowsException'{0x0000000089f8da68}> (0x0000000089f8da68) 
thrown [s\src\hotspot\share\prims\jni.cpp, line 518]
Event: 1.679 Thread 0x0000023e150f93c0 Exception <a 'java/lang/NoSuchMethodError'{0x0000000089e51150}: 'long java.lang.invoke.DirectMethodHandle$Holder.invokeVirtual(java.lang.Object, java.lang.Object)'> (0x0000000089e51150) 
thrown [s\src\hotspot\share\interpreter\linkResolver.cpp, line 805]
Event: 1.680 Thread 0x0000023e150f93c0 Exception <a 'java/lang/NoSuchMethodError'{0x0000000089e59440}: 'java.lang.Object java.lang.invoke.DirectMethodHandle$Holder.invokeStatic(java.lang.Object, long)'> (0x0000000089e59440) 
thrown [s\src\hotspot\share\interpreter\linkResolver.cpp, line 805]
Event: 1.681 Thread 0x0000023e150f93c0 Exception <a 'java/lang/NoSuchMethodError'{0x0000000089e694e8}: 'long java.lang.invoke.DelegatingMethodHandle$Holder.reinvoke_L(java.lang.Object, java.lang.Object)'> (0x0000000089e694e8) 
thrown [s\src\hotspot\share\interpreter\linkResolver.cpp, line 805]

VM Operations (20 events):
Event: 0.407 Executing VM operation: HandshakeAllThreads (Deoptimize) done
Event: 0.825 Executing VM operation: HandshakeAllThreads (Deoptimize)
Event: 0.825 Executing VM operation: HandshakeAllThreads (Deoptimize) done
Event: 0.920 Executing VM operation: HandshakeAllThreads (Deoptimize)
Event: 0.920 Executing VM operation: HandshakeAllThreads (Deoptimize) done
Event: 31.421 Executing VM operation: G1CollectForAllocation (G1 Evacuation Pause)
Event: 31.468 Executing VM operation: G1CollectForAllocation (G1 Evacuation Pause) done
Event: 60.253 Executing VM operation: HandshakeAllThreads (HandshakeForDeflation)
Event: 60.253 Executing VM operation: HandshakeAllThreads (HandshakeForDeflation) done
Event: 60.253 Executing VM operation: RendezvousGCThreads
Event: 60.253 Executing VM operation: RendezvousGCThreads done
Event: 97.632 Executing VM operation: G1CollectForAllocation (G1 Evacuation Pause)
Event: 97.648 Executing VM operation: G1CollectForAllocation (G1 Evacuation Pause) done
Event: 200.448 Executing VM operation: G1CollectForAllocation (G1 Evacuation Pause)
Event: 200.464 Executing VM operation: G1CollectForAllocation (G1 Evacuation Pause) done
Event: 303.697 Executing VM operation: G1CollectForAllocation (G1 Evacuation Pause)
Event: 303.713 Executing VM operation: G1CollectForAllocation (G1 Evacuation Pause) done
Event: 408.260 Executing VM operation: G1CollectForAllocation (G1 Evacuation Pause)
Event: 408.273 Executing VM operation: G1CollectForAllocation (G1 Evacuation Pause) done
Event: 445.733 Executing VM operation: Exit

Memory protections (0 events):
No events

Nmethod flushes (0 events):
No events

Events (20 events):
Event: 0.086 Thread 0x0000023db1d78060 Thread added: 0x0000023dce9e7ad0
Event: 0.086 Thread 0x0000023db1d78060 Thread added: 0x0000023dce9ec4e0
Event: 0.168 Thread 0x0000023db1d78060 Thread added: 0x0000023e141b1de0
Event: 0.230 Thread 0x0000023db1d78060 Thread added: 0x0000023e14311ba0
Event: 0.230 Thread 0x0000023db1d78060 Thread added: 0x0000023e143122e0
Event: 0.376 Thread 0x0000023dce9ec4e0 Thread added: 0x0000023e148916a0
Event: 0.686 Thread 0x0000023dce9e7ad0 Thread added: 0x0000023e14891e30
Event: 0.837 Thread 0x0000023dce9e5610 Thread added: 0x0000023e150225f0
Event: 0.878 Thread 0x0000023e150225f0 Thread added: 0x0000023e150f93c0
Event: 0.906 Thread 0x0000023e150f93c0 Thread added: 0x0000023e15286b80
Event: 0.918 Thread 0x0000023e150f93c0 Thread added: 0x0000023e150556f0
Event: 1.138 Thread 0x0000023e148916a0 Thread exited: 0x0000023e148916a0
Event: 1.138 Thread 0x0000023e14891e30 Thread exited: 0x0000023e14891e30
Event: 286.352 Thread 0x0000023e150225f0 Thread added: 0x0000023e153b04e0
Event: 361.368 Thread 0x0000023e150f93c0 Thread exited: 0x0000023e150f93c0
Event: 421.002 Thread 0x0000023e150225f0 Thread added: 0x0000023e153b1380
Event: 445.717 Thread 0x0000023dce9e4730 Thread added: 0x0000023e153b1ad0
Event: 445.727 Thread 0x0000023e153b1ad0 Thread added: 0x0000023e153b0c30
Event: 445.731 Thread 0x0000023e153b0c30 Thread exited: 0x0000023e153b0c30
Event: 445.732 Thread 0x0000023e153b1ad0 Before exit entered


Dynamic libraries:
0x00007ff75b080000 - 0x00007ff75b08e000 	C:\Users\LENOVO\.jdks\corretto-24.0.2\bin\java.exe
0x00007ff962480000 - 0x00007ff9626e7000 	C:\WINDOWS\SYSTEM32\ntdll.dll
0x00007ff9277b0000 - 0x00007ff9277d0000 	C:\Program Files\AVG\Antivirus\aswhook.dll
0x00007ff960900000 - 0x00007ff9609c9000 	C:\WINDOWS\System32\KERNEL32.DLL
0x00007ff95f290000 - 0x00007ff95f681000 	C:\WINDOWS\System32\KERNELBASE.dll
0x00007ff95f010000 - 0x00007ff95f15b000 	C:\WINDOWS\System32\ucrtbase.dll
0x00007ff958de0000 - 0x00007ff958dfe000 	C:\Users\LENOVO\.jdks\corretto-24.0.2\bin\VCRUNTIME140.dll
0x00007ff958e20000 - 0x00007ff958e37000 	C:\Users\LENOVO\.jdks\corretto-24.0.2\bin\jli.dll
0x00007ff961bf0000 - 0x00007ff961db5000 	C:\WINDOWS\System32\USER32.dll
0x00007ff9441a0000 - 0x00007ff944433000 	C:\WINDOWS\WinSxS\amd64_microsoft.windows.common-controls_6595b64144ccf1df_6.0.26100.8037_none_3e092faae333b53b\COMCTL32.dll
0x00007ff95f690000 - 0x00007ff95f6b7000 	C:\WINDOWS\System32\win32u.dll
0x00007ff9609e0000 - 0x00007ff960a89000 	C:\WINDOWS\System32\msvcrt.dll
0x00007ff962350000 - 0x00007ff96237b000 	C:\WINDOWS\System32\GDI32.dll
0x00007ff95f160000 - 0x00007ff95f28b000 	C:\WINDOWS\System32\gdi32full.dll
0x00007ff95ef60000 - 0x00007ff95f003000 	C:\WINDOWS\System32\msvcp_win.dll
0x00007ff960310000 - 0x00007ff960341000 	C:\WINDOWS\System32\IMM32.DLL
0x00007ff959ac0000 - 0x00007ff959acc000 	C:\Users\LENOVO\.jdks\corretto-24.0.2\bin\vcruntime140_1.dll
0x00007ff914fa0000 - 0x00007ff915029000 	C:\Users\LENOVO\.jdks\corretto-24.0.2\bin\msvcp140.dll
0x00007ff8bf180000 - 0x00007ff8bfff5000 	C:\Users\LENOVO\.jdks\corretto-24.0.2\bin\server\jvm.dll
0x00007ff962140000 - 0x00007ff9621fb000 	C:\WINDOWS\System32\ADVAPI32.dll
0x00007ff962200000 - 0x00007ff9622a7000 	C:\WINDOWS\System32\sechost.dll
0x00007ff960350000 - 0x00007ff960468000 	C:\WINDOWS\System32\RPCRT4.dll
0x00007ff9622b0000 - 0x00007ff962324000 	C:\WINDOWS\System32\WS2_32.dll
0x00007ff95ebc0000 - 0x00007ff95ec1e000 	C:\WINDOWS\SYSTEM32\POWRPROF.dll
0x00007ff9507f0000 - 0x00007ff9507fb000 	C:\WINDOWS\SYSTEM32\VERSION.dll
0x00007ff9465d0000 - 0x00007ff946605000 	C:\WINDOWS\SYSTEM32\WINMM.dll
0x00007ff95eba0000 - 0x00007ff95ebb4000 	C:\WINDOWS\SYSTEM32\UMPDC.dll
0x00007ff95dab0000 - 0x00007ff95dacb000 	C:\WINDOWS\SYSTEM32\kernel.appcore.dll
0x00007ff94a240000 - 0x00007ff94a24a000 	C:\Users\LENOVO\.jdks\corretto-24.0.2\bin\jimage.dll
0x00007ff95cc20000 - 0x00007ff95ce62000 	C:\WINDOWS\SYSTEM32\DBGHELP.DLL
0x00007ff961800000 - 0x00007ff961b82000 	C:\WINDOWS\System32\combase.dll
0x00007ff961540000 - 0x00007ff961617000 	C:\WINDOWS\System32\OLEAUT32.dll
0x00007ff94e360000 - 0x00007ff94e39b000 	C:\WINDOWS\SYSTEM32\dbgcore.DLL
0x00007ff95eeb0000 - 0x00007ff95ef55000 	C:\WINDOWS\System32\bcryptPrimitives.dll
0x00007ff94a230000 - 0x00007ff94a240000 	C:\Users\LENOVO\.jdks\corretto-24.0.2\bin\instrument.dll
0x00007ff94a210000 - 0x00007ff94a22f000 	C:\Users\LENOVO\.jdks\corretto-24.0.2\bin\java.dll
0x00007ff961fa0000 - 0x00007ff962135000 	C:\WINDOWS\System32\ole32.dll
0x00007ff960b30000 - 0x00007ff96128f000 	C:\WINDOWS\System32\SHELL32.dll
0x00007ff95f6c0000 - 0x00007ff95f82a000 	C:\WINDOWS\System32\wintypes.dll
0x00007ff95f9b0000 - 0x00007ff960214000 	C:\WINDOWS\System32\windows.storage.dll
0x00007ff9612a0000 - 0x00007ff961397000 	C:\WINDOWS\System32\SHCORE.dll
0x00007ff960220000 - 0x00007ff960287000 	C:\WINDOWS\System32\shlwapi.dll
0x00007ff95ec80000 - 0x00007ff95eca9000 	C:\WINDOWS\SYSTEM32\profapi.dll
0x00007ff912ba0000 - 0x00007ff912c77000 	C:\Users\LENOVO\.jdks\corretto-24.0.2\bin\jsvml.dll
0x00007ff94a030000 - 0x00007ff94a047000 	C:\Users\LENOVO\.jdks\corretto-24.0.2\bin\zip.dll
0x00007ff949f80000 - 0x00007ff949f91000 	C:\Users\LENOVO\.jdks\corretto-24.0.2\bin\net.dll
0x00007ff95e000000 - 0x00007ff95e06b000 	C:\WINDOWS\system32\mswsock.dll
0x00007ff948680000 - 0x00007ff948696000 	C:\Users\LENOVO\.jdks\corretto-24.0.2\bin\nio.dll
0x00007ff9485f0000 - 0x00007ff94860a000 	C:\Program Files\JetBrains\IntelliJ IDEA 2024.2.3\bin\breakgen64.dll
0x00007ff949f70000 - 0x00007ff949f79000 	C:\Users\LENOVO\.jdks\corretto-24.0.2\bin\extnet.dll
0x00007ff914f20000 - 0x00007ff914f9e000 	C:\Users\LENOVO\AppData\Local\Temp\lwjgl_LENOVO\3.3.6+1\x64\lwjgl.dll
0x00007ff95d630000 - 0x00007ff95d75a000 	C:\WINDOWS\SYSTEM32\DNSAPI.dll
0x00007ff95d5f0000 - 0x00007ff95d623000 	C:\WINDOWS\SYSTEM32\IPHLPAPI.DLL
0x00007ff961be0000 - 0x00007ff961bea000 	C:\WINDOWS\System32\NSI.dll
0x00007ff950800000 - 0x00007ff95080b000 	C:\Windows\System32\rasadhlp.dll
0x00007ff9591f0000 - 0x00007ff959276000 	C:\WINDOWS\System32\fwpuclnt.dll
0x00007ff949ca0000 - 0x00007ff949caa000 	C:\Users\LENOVO\.jdks\corretto-24.0.2\bin\management.dll
0x00007ff948670000 - 0x00007ff94867c000 	C:\Users\LENOVO\.jdks\corretto-24.0.2\bin\management_ext.dll
0x00007ff9609d0000 - 0x00007ff9609d8000 	C:\WINDOWS\System32\PSAPI.DLL
0x00007ff9144f0000 - 0x00007ff914579000 	C:\Users\LENOVO\AppData\Local\Temp\lwjgl_LENOVO\3.3.6+1\x64\glfw.dll
0x00007ff91ccd0000 - 0x00007ff91cd1b000 	C:\WINDOWS\SYSTEM32\dinput8.dll
0x00007ff9461e0000 - 0x00007ff9461fe000 	C:\WINDOWS\SYSTEM32\xinput1_4.dll
0x00007ff95e940000 - 0x00007ff95e997000 	C:\WINDOWS\SYSTEM32\cfgmgr32.dll
0x00007ff95e910000 - 0x00007ff95e93d000 	C:\WINDOWS\SYSTEM32\DEVOBJ.dll
0x00007ff95c600000 - 0x00007ff95c62e000 	C:\WINDOWS\SYSTEM32\dwmapi.dll
0x00007ff9453d0000 - 0x00007ff9455b3000 	C:\WINDOWS\SYSTEM32\inputhost.dll
0x00007ff95b6a0000 - 0x00007ff95b7c7000 	C:\WINDOWS\SYSTEM32\CoreMessaging.dll
0x00007ff95c330000 - 0x00007ff95c3da000 	C:\WINDOWS\system32\uxtheme.dll
0x00007ff95e400000 - 0x00007ff95e41b000 	C:\WINDOWS\SYSTEM32\CRYPTSP.dll
0x00007ff95e260000 - 0x00007ff95e26c000 	C:\WINDOWS\SYSTEM32\CRYPTBASE.DLL
0x00007ff961dc0000 - 0x00007ff961f1d000 	C:\WINDOWS\System32\MSCTF.dll
0x00007ff95da10000 - 0x00007ff95da49000 	C:\WINDOWS\system32\rsaenh.dll
0x00007ff95e0b0000 - 0x00007ff95e0e2000 	C:\WINDOWS\SYSTEM32\USERENV.dll
0x00007ff95ec50000 - 0x00007ff95ec7a000 	C:\WINDOWS\SYSTEM32\bcrypt.dll
0x00007ff946610000 - 0x00007ff94671e000 	C:\WINDOWS\SYSTEM32\opengl32.dll
0x00007ff947490000 - 0x00007ff9474bd000 	C:\WINDOWS\SYSTEM32\GLU32.dll
0x00007ff95c590000 - 0x00007ff95c5d3000 	C:\WINDOWS\SYSTEM32\dxcore.dll
0x00007ff958160000 - 0x00007ff9581c0000 	C:\WINDOWS\SYSTEM32\directxdatabasehelper.dll
0x00007ff94db40000 - 0x00007ff94db5a000 	C:\WINDOWS\SYSTEM32\windows.staterepositorycore.dll
0x00007ff88abc0000 - 0x00007ff88bb98000 	C:\WINDOWS\System32\DriverStore\FileRepository\iigd_dch.inf_amd64_c529b210005a7e19\igxelpicd64.dll
0x00007ff95c440000 - 0x00007ff95c57e000 	C:\WINDOWS\system32\dxgi.dll
0x00007ff912a60000 - 0x00007ff912b9e000 	C:\WINDOWS\System32\DriverStore\FileRepository\iigd_dch.inf_amd64_c529b210005a7e19\igdml64.dll
0x00007ff939b60000 - 0x00007ff939b78000 	C:\WINDOWS\system32\napinsp.dll
0x00007ff939b40000 - 0x00007ff939b52000 	C:\WINDOWS\System32\winrnr.dll
0x00007ff939b10000 - 0x00007ff939b32000 	C:\WINDOWS\system32\nlansp_c.dll
0x00007ff9505a0000 - 0x00007ff9505b6000 	C:\WINDOWS\system32\wshbth.dll
0x00007ff955000000 - 0x00007ff9553f0000 	C:\WINDOWS\System32\DriverStore\FileRepository\iigd_dch.inf_amd64_c529b210005a7e19\igdgmm64.dll
0x00007ff9509b0000 - 0x00007ff954ff4000 	C:\WINDOWS\System32\DriverStore\FileRepository\iigd_dch.inf_amd64_c529b210005a7e19\igc64.dll
0x00007ff916ec0000 - 0x00007ff916f1d000 	C:\Users\LENOVO\AppData\Local\Temp\lwjgl_LENOVO\3.3.6+1\x64\lwjgl_opengl.dll
0x00007ff93de90000 - 0x00007ff93dee6000 	C:\WINDOWS\SYSTEM32\pdh.dll
0x00007ff934380000 - 0x00007ff9344c8000 	C:\WINDOWS\SYSTEM32\textinputframework.dll
0x00007ff957b50000 - 0x00007ff957e32000 	C:\WINDOWS\SYSTEM32\CoreUIComponents.dll
0x00007ff8f83b0000 - 0x00007ff8f83c2000 	C:\WINDOWS\System32\perfproc.dll
0x00007ff8be0b0000 - 0x00007ff8be8b7000 	C:\Users\LENOVO\AppData\Local\Temp\imgui-java-natives\1.90.0\imgui-java64.dll
0x00007ff944820000 - 0x00007ff94489c000 	C:\WINDOWS\system32\Ninput.dll

JVMTI agents:
C:\Program Files\JetBrains\IntelliJ IDEA 2024.2.3\lib\idea_rt.jar path:C:\Users\LENOVO\.jdks\corretto-24.0.2\bin\instrument.dll, loaded, initialized, instrumentlib options:58198:C:\Program Files\JetBrains\IntelliJ IDEA 2024.2.3\bin

dbghelp: loaded successfully - version: 4.0.5 - missing functions: none
symbol engine: initialized successfully - sym options: 0x614 - pdb path: .;C:\Users\LENOVO\.jdks\corretto-24.0.2\bin;C:\WINDOWS\SYSTEM32;C:\Program Files\AVG\Antivirus;C:\WINDOWS\WinSxS\amd64_microsoft.windows.common-controls_6595b64144ccf1df_6.0.26100.8037_none_3e092faae333b53b;C:\Users\LENOVO\.jdks\corretto-24.0.2\bin\server;C:\Program Files\JetBrains\IntelliJ IDEA 2024.2.3\bin;C:\Users\LENOVO\AppData\Local\Temp\lwjgl_LENOVO\3.3.6+1\x64;C:\WINDOWS\System32\DriverStore\FileRepository\iigd_dch.inf_amd64_c529b210005a7e19;C:\Users\LENOVO\AppData\Local\Temp\imgui-java-natives\1.90.0

VM Arguments:
jvm_args: --enable-preview -javaagent:C:\Program Files\JetBrains\IntelliJ IDEA 2024.2.3\lib\idea_rt.jar=58198:C:\Program Files\JetBrains\IntelliJ IDEA 2024.2.3\bin -Dfile.encoding=UTF-8 -Dsun.stdout.encoding=UTF-8 -Dsun.stderr.encoding=UTF-8 
java_command: Main
java_class_path (initial): C:\Users\LENOVO\Documents\System Design\out\production\POSI;C:\Users\LENOVO\Documents\System Design\lib\imgui-java-app-1.90.0.jar;C:\Users\LENOVO\Documents\System Design\lib\lwjgl-3.3.6.jar;C:\Users\LENOVO\Documents\System Design\lib\lwjgl-glfw-3.3.6.jar;C:\Users\LENOVO\Documents\System Design\lib\lwjgl-opengl-3.3.6.jar;C:\Users\LENOVO\Documents\System Design\lib\lwjgl-3.3.6-natives-linux.jar;C:\Users\LENOVO\Documents\System Design\lib\lwjgl-glfw-3.3.6-natives-linux.jar;C:\Users\LENOVO\Documents\System Design\lib\lwjgl-opengl-3.3.6-natives-linux.jar;C:\Users\LENOVO\Documents\System Design\lib\lwjgl-3.3.6-natives-windows.jar;C:\Users\LENOVO\Documents\System Design\lib\lwjgl-glfw-3.3.6-natives-windows.jar;C:\Users\LENOVO\Documents\System Design\lib\lwjgl-opengl-3.3.6-natives-windows.jar;C:\Users\LENOVO\Documents\System Design\lib\lwjgl-3.3.6-natives-macos.jar;C:\Users\LENOVO\Documents\System Design\lib\lwjgl-glfw-3.3.6-natives-macos.jar;C:\Users\LENOVO\Documents\System Design\lib\lwjgl-opengl-3.3.6-natives-macos.jar;C:\Users\LENOVO\Documents\System Design\lib\lwjgl-3.3.6-natives-macos-arm64.jar;C:\Users\LENOVO\Documents\System Design\lib\lwjgl-glfw-3.3.6-natives-macos-arm64.jar;C:\Users\LENOVO\Documents\System Design\lib\lwjgl-opengl-3.3.6-natives-macos-arm64.jar;C:\Users\LENOVO\Documents\System Design\lib\imgui-java-binding-1.90.0.jar;C:\Users\LENOVO\Documents\System Design\lib\imgui-java-lwjgl3-1.90.0.jar
Launcher Type: SUN_STANDARD

[Global flags]
     intx CICompilerCount                          = 4                                         {product} {ergonomic}
     uint ConcGCThreads                            = 2                                         {product} {ergonomic}
     uint G1ConcRefinementThreads                  = 8                                         {product} {ergonomic}
   size_t G1HeapRegionSize                         = 1048576                                   {product} {ergonomic}
   size_t InitialHeapSize                          = 132120576                                 {product} {ergonomic}
   size_t MarkStackSize                            = 4194304                                   {product} {ergonomic}
   size_t MarkStackSizeMax                         = 536870912                                 {product} {ergonomic}
   size_t MaxHeapSize                              = 2090860544                                {product} {ergonomic}
   size_t MaxNewSize                               = 1254096896                                {product} {ergonomic}
   size_t MinHeapDeltaBytes                        = 1048576                                   {product} {ergonomic}
   size_t MinHeapSize                              = 8388608                                   {product} {ergonomic}
    uintx NonNMethodCodeHeapSize                   = 5832704                                {pd product} {ergonomic}
    uintx NonProfiledCodeHeapSize                  = 122945536                              {pd product} {ergonomic}
    uintx ProfiledCodeHeapSize                     = 122880000                              {pd product} {ergonomic}
    uintx ReservedCodeCacheSize                    = 251658240                              {pd product} {ergonomic}
     bool SegmentedCodeCache                       = true                                      {product} {ergonomic}
   size_t SoftMaxHeapSize                          = 2090860544                             {manageable} {ergonomic}
     bool UseCompressedOops                        = true                           {product lp64_product} {ergonomic}
     bool UseG1GC                                  = true                                      {product} {ergonomic}
     bool UseLargePagesIndividualAllocation        = false                                  {pd product} {ergonomic}

Logging:
Log output configuration:
 #0: stdout all=off uptime,level,tags foldmultilines=false
 #1: stderr all=off uptime,level,tags foldmultilines=false

Environment Variables:
PATH=C:\Program Files\Common Files\Oracle\Java\javapath;C:\WINDOWS\system32;C:\WINDOWS;C:\WINDOWS\System32\Wbem;C:\WINDOWS\System32\WindowsPowerShell\v1.0\;C:\WINDOWS\System32\OpenSSH\;C:\Program Files\Git\cmd;C:\Program Files\CMake\bin;C:\Program Files\dotnet\;C:\XAMPP\php;C:\Users\LENOVO\AppData\Local\Programs\Python\Python313\;;C:\platform-tools;C:\Users\LENOVO\AppData\Local\Programs\Python\Python313\Scripts\;C:\Users\LENOVO\AppData\Local\Programs\Python\Python313\;C:\Users\LENOVO\AppData\Local\Programs\Python\Launcher\;C:\Program Files\Common Files\Oracle\Java\javapath;C:\WINDOWS\system32;C:\WINDOWS;C:\WINDOWS\System32\Wbem;C:\WINDOWS\System32\WindowsPowerShell\v1.0\;C:\WINDOWS\System32\OpenSSH\;C:\Program Files\Git\cmd;C:\msys64\ucrt64\bin;C:\Program Files\CMake\bin;C:\Program Files\dotnet\;C:\XAMPP\php;C:\Program Files\Common Files\Oracle\Java\javapath;C:\WINDOWS\system32;C:\WINDOWS;C:\WINDOWS\System32\Wbem;C:\WINDOWS\System32\WindowsPowerShell\v1.0\;C:\WINDOWS\System32\OpenSSH\;C:\Program Files\Git\cmd;C:\msys64\ucrt64\bin;C:\Program Files\CMake\bin;C:\Program Files\dotnet\;C:\XAMPP\php;C:\Program Files\Common Files\Oracle\Java\javapath;C:\WINDOWS\system32;C:\WINDOWS;C:\WINDOWS\System32\Wbem;C:\WINDOWS\System32\WindowsPowerShell\v1.0\;C:\WINDOWS\System32\OpenSSH\;C:\Program Files\Git\cmd;C:\msys64\ucrt64\bin;C:\Program Files\CMake\bin;C:\Program Files\dotnet\;C:\XAMPP\php;C:\Program Files\Common Files\Oracle\Java\javapath;C:\WINDOWS\system32;C:\WINDOWS;C:\WINDOWS\System32\Wbem;C:\WINDOWS\System32\WindowsPowerShell\v1.0\;C:\WINDOWS\System32\OpenSSH\;C:\Program Files\Git\cmd;C:\msys64\ucrt64\bin;C:\Program Files\CMake\bin;C:\Program Files\dotnet\;C:\XAMPP\php;C:\Program Files\Common Files\Oracle\Java\javapath;C:\WINDOWS\system32;C:\WINDOWS;C:\WINDOWS\System32\Wbem;C:\WINDOWS\System32\WindowsPowerShell\v1.0\;C:\WINDOWS\System32\OpenSSH\;C:\Program Files\Git\cmd;C:\msys64\ucrt64\bin;C:\Program Files\CMake\bin;C:\Program Files\dotnet\;C:\XAMPP\php;C:\Program Files\Common Files\Oracle\Java\javapath;C:\WINDOWS\system32;C:\WINDOWS;C:\WINDOWS\System32\Wbem;C:\WINDOWS\System32\WindowsPowerShell\v1.0\;C:\WINDOWS\System32\OpenSSH\;C:\Program Files\Git\cmd;C:\msys64\ucrt64\bin;C:\Program Files\CMake\bin;C:\Program Files\dotnet\;C:\XAMPP\php;C:\Users\LENOVO\AppData\Local\Programs\Python\Python311\Scripts";C:\Users\LENOVO\AppData\Local\Programs\Python\Python311\;C:\Users\LENOVO\AppData\Local\Programs\Python\Python311\;C:\Users\LENOVO\AppData\Local\Programs\Python\Python311\;C:\Users\LENOVO\AppData\Local\Programs\Python\Python311\;C:\Users\LENOVO\AppData\Local\Programs\Microsoft VS Code\bin;C:\Users\LENOVO\Downloads\flutter\bin
USERNAME=LENOVO
OS=Windows_NT
PROCESSOR_IDENTIFIER=Intel64 Family 6 Model 140 Stepping 1, GenuineIntel
TMP=C:\Users\LENOVO\AppData\Local\Temp
TEMP=C:\Users\LENOVO\AppData\Local\Temp




Periodic native trim disabled

---------------  S Y S T E M  ---------------

OS:
 Windows 11 , 64 bit Build 26100 (10.0.26100.7920)
OS uptime: 2 days 21:35 hours
Hyper-V role detected

CPU: total 8 (initial active 8) (4 cores per cpu, 2 threads per core) family 6 model 140 stepping 1 microcode 0xaa, cx8, cmov, fxsr, ht, mmx, 3dnowpref, sse, sse2, sse3, ssse3, sse4.1, sse4.2, popcnt, lzcnt, tsc, tscinvbit, avx, avx2, aes, erms, clmul, bmi1, bmi2, adx, avx512f, avx512dq, avx512cd, avx512bw, avx512vl, sha, fma, vzeroupper, avx512_vpopcntdq, avx512_vpclmulqdq, avx512_vaes, avx512_vnni, clflush, clflushopt, clwb, avx512_vbmi2, avx512_vbmi, hv, rdtscp, rdpid, fsrm, gfni, avx512_bitalg, f16c, cet_ibt, cet_ss, avx512_ifma
Processor Information for processor 0
  Max Mhz: 2803, Current Mhz: 1001, Mhz Limit: 2803
Processor Information for processor 1
  Max Mhz: 2803, Current Mhz: 1001, Mhz Limit: 2803
Processor Information for processor 2
  Max Mhz: 2803, Current Mhz: 1001, Mhz Limit: 2803
Processor Information for processor 3
  Max Mhz: 2803, Current Mhz: 2803, Mhz Limit: 2803
Processor Information for processor 4
  Max Mhz: 2803, Current Mhz: 2803, Mhz Limit: 2803
Processor Information for processor 5
  Max Mhz: 2803, Current Mhz: 2803, Mhz Limit: 2803
Processor Information for processor 6
  Max Mhz: 2803, Current Mhz: 2803, Mhz Limit: 2803
Processor Information for processor 7
  Max Mhz: 2803, Current Mhz: 1001, Mhz Limit: 2803

Memory: 4k page, system-wide physical 7975M (743M free)
TotalPageFile size 16948M (AvailPageFile size 1348M)
current process WorkingSet (physical memory assigned to process): 166M, peak: 319M
current process commit charge ("private bytes"): 335M, peak: 370M

vm_info: OpenJDK 64-Bit Server VM (24.0.2+12-FR) for windows-amd64 JRE (24.0.2+12-FR), built on 2025-07-11T01:41:34Z with unknown MS VC++:1944

END.
